Save repository element : /__altri PDI4__/Automatic Documentation : Initial Import
Save repository element : /__altri PDI4__/Transfront_01 : Initial Import
Save repository element : /__altri PDI4__/Transfront_02 : Initial Import
Save repository element : /Art50/_ : Initial Import
Save repository element : /Art50/chk_all_file_input : Initial Import
Save repository element : /Art50/Completa_xcod_sts11 : Initial Import
Save repository element : /Art50/_deb_import_patidok_old : Initial Import
Save repository element : /Art50/_debug_import_dialisi_01 : Initial Import
Save repository element : /Art50/_debug_import_dnlab_01 : Initial Import
Save repository element : /Art50/_debug_import_imago_01 : Initial Import
Save repository element : /Art50/_debug_import_patidok_01 : Initial Import
Save repository element : /Art50/_debug_import_patidok_02 : Initial Import
Save repository element : /Art50/_debug_load_dim_STS11 : Initial Import
Save repository element : /Art50/_dnlab_01_x_Indipendenza : Initial Import
Save repository element : /Art50/fix_BUFFER : Initial Import
Save repository element : /Art50/import_anat_01 : Initial Import
Save repository element : /Art50/import_anat_01 v0 : Initial Import
Save repository element : /Art50/import_anat_02 : Initial Import
Save repository element : /Art50/import_dialisi_01 : Initial Import
Save repository element : /Art50/import_dialisi_02 : Initial Import
Save repository element : /Art50/import_dnlab_01 : Initial Import
Save repository element : /Art50/import_dnlab_02 : Initial Import
Save repository element : /Art50/import_esenzioni : Initial Import
Save repository element : /Art50/import_imago_01 : Initial Import
Save repository element : /Art50/import_imago_02 : Initial Import
Save repository element : /Art50/import_patidok_01 : Initial Import
Save repository element : /Art50/import_patidok_01 v0 : Initial Import
Save repository element : /Art50/import_patidok_02 : Initial Import
Save repository element : /Art50/import_Set_Var : Initial Import
Save repository element : /Art50/import_Set_Var_new : Initial Import
Save repository element : /Art50/import_Set_Var_new 20150505 : Initial Import
Save repository element : /Art50/imposta_mail_list : Initial Import
Save repository element : /Art50/load_dim_Nomen_Est : Initial Import
Save repository element : /Art50/load_dim_STS11 : Initial Import
Save repository element : /Art50/load_dim_Tipo_Record : Initial Import
Save repository element : /Art50/_recupero_da Tracc_Deleted : Initial Import
Save repository element : /Art50/ricalcolo Art50_Check : Initial Import
Save repository element : /Art50/_tmp_import_patidok_01 : Initial Import
Save repository element : /Art50/tmp_import_patidok_01 : Initial Import
Save repository element : /Art50/xform_all_cup3 : Initial Import
Save repository element : /Art50/xform_all_cup3_STORICO : Initial Import
Save repository element : /Art50/xform_all_esenzione : Initial Import
Save repository element : /Art50/xform_all_esenzione_STORICO : Initial Import
Save repository element : /Art50/xform_anat : Initial Import
Save repository element : /Art50/xform_anat_cf : Initial Import
Save repository element : /Art50/xform_dialisi : Initial Import
Save repository element : /Art50/xform_dialisi_cf : Initial Import
Save repository element : /Art50/xform_dialisi_virtuali : Initial Import
Save repository element : /Art50/xform_dnlab : Initial Import
Save repository element : /Art50/xform_dnlab_cf : Initial Import
Save repository element : /Art50/xform_imago : Initial Import
Save repository element : /Art50/xform_imago_cf : Initial Import
Save repository element : /Art50/xform_imago_cup : Initial Import
Save repository element : /Art50/xform_imago_cup2 : Initial Import
Save repository element : /Art50/xform_imago_cup2_STORICO : Initial Import
Save repository element : /Art50/xform_patidok : Initial Import
Save repository element : /Art50/xform_patidok_cf : Initial Import
Save repository element : /Art50/xform_patidok_cup : Initial Import
Save repository element : /Art50/xform_patidok_cup2 : Initial Import
Save repository element : /Art50/xform_patidok_d : Initial Import
Save repository element : /Art50/CRSA/CRSA_file_names : Initial Import
Save repository element : /Art50/CRSA/CRSA_prestazioni_01 : Initial Import
Save repository element : /Art50/CRSA/CRSA_ricette_01 : Initial Import
Save repository element : /Art50/CRSA/CRSA_segnalazioni_01 : Initial Import
Save repository element : /Art50/CRSA/CRSA_test_01 : Initial Import
Save repository element : /Art50/MEF/_ : Initial Import
Save repository element : /Art50/MEF/_debug_mef_Cifra_CF : Initial Import
Save repository element : /Art50/MEF/_debug_mef_xform_Tracciatone : Initial Import
Save repository element : /Art50/MEF/fix_Tracciatone : Initial Import
Save repository element : /Art50/MEF/import_errori : Initial Import
Save repository element : /Art50/MEF/mef_Cifra_CF : Initial Import
Save repository element : /Art50/MEF/mef_Cifra_CF ver.1 : Initial Import
Save repository element : /Art50/MEF/mef_Conferma_Invio : Initial Import
Save repository element : /Art50/MEF/mef_Conferma_Invio 2016-04-13 : Initial Import
Save repository element : /Art50/MEF/mef_Conferma_Set_Var : Initial Import
Save repository element : /Art50/MEF/mef_Consolida_Prestazioni : Initial Import
Save repository element : /Art50/MEF/mef_Date_Limite : Initial Import
Save repository element : /Art50/MEF/mef_Date_Limite 2010-11-22 : Initial Import
Save repository element : /Art50/MEF/mef_Imposta_Progressivo : Initial Import
Save repository element : /Art50/MEF/mef_Ric_Correnti : Initial Import
Save repository element : /Art50/MEF/mef_Ric_LA : Initial Import
Save repository element : /Art50/MEF/mef_Ric_Precedenti 2013-03-06 : Initial Import
Save repository element : /Art50/MEF/mef_Ric_Precedenti_new : Initial Import
Save repository element : /Art50/MEF/mef_Set_LA : Initial Import
Save repository element : /Art50/MEF/mef_Set_LA 2018-05-03 : Initial Import
Save repository element : /Art50/MEF/mef_Set_TipoAccesso : Initial Import
Save repository element : /Art50/MEF/_mef_xform_Tracciatone : Initial Import
Save repository element : /Art50/MEF/mef_xform_Tracciatone : Initial Import
Save repository element : /Art50/MEF/_upd mef_Ricette_History : Initial Import
Save repository element : /Art50/MEF/XML/Corpo_xml : Initial Import
Save repository element : /Art50/MEF/XML/Footer_xml : Initial Import
Save repository element : /Art50/MEF/XML/Header_xml : Initial Import
Save repository element : /Art50/MEF/XML/Log_XML_Ricette : Initial Import
Save repository element : /Art50/MEF/XML/Set_Variabili_xml : Initial Import
Save repository element : /Art50/MEF/XML/Set_Variabili_xml_old : Initial Import
Save repository element : /Art50/MEF/XML/Tabella XML_Output : Initial Import
Save repository element : /Art50/MEF/XML/Testata_xml : Initial Import
Save repository element : /Art50/_old/xform_imago_cup3_complesso : Initial Import
Save repository element : /Art50/_old/xform_imago_cup4 : Initial Import
Save repository element : /Art50/_old/xform_patidok_cup ver.0 : Initial Import
Save repository element : /Art50/_old/xform_patidok_cup3 : Initial Import
Save repository element : /Art50/_old/xform_patidok_cup3_complesso : Initial Import
Save repository element : /Art50/Redo 2016-2018/import_redo2016 : Initial Import
Save repository element : /Art50/Redo 2016-2018/mef_Date_Limite_redo : Initial Import
Save repository element : /Art50/Redo 2016-2018/mef_Ric_Correnti_redo : Initial Import
Save repository element : /Art50/Redo 2016-2018/mef_Ric_Elettriche_redo : Initial Import
Save repository element : /Art50/Redo 2016-2018/mef_Ric_LA_redo : Initial Import
Save repository element : /Art50/Redo 2016-2018/mef_Ric_Precedenti_redo : Initial Import
Save repository element : /Art50/Redo 2016-2018/Set_Variabili_xml_redo : Initial Import
Save repository element : /Art50/Redo 2016-2018/xform_Tracciatone_LA : Initial Import
Save repository element : /Art50/2Regione/delete_MeseOrigine : Initial Import
Save repository element : /Art50/2Regione/insert_MeseOrigine : Initial Import
Save repository element : /Art50/2Regione/Lista_Mesi : Initial Import
Save repository element : /Art50/2Regione/Lista_Mesi_loop : Initial Import
Save repository element : /Art50/2Regione/Load_Patidok_PS : Initial Import
Save repository element : /Art50/2Regione/Log_PTPS : Initial Import
Save repository element : /Art50/2Regione/Set_Var : Initial Import
Save repository element : /CEDAP/_debug_neonati_01 : Initial Import
Save repository element : /CEDAP/export_Cedap_email_dest : Initial Import
Save repository element : /CEDAP/export_Cedap_variabili : Initial Import
Save repository element : /CEDAP/export_NA : Initial Import
Save repository element : /CEDAP/export_NC : Initial Import
Save repository element : /CEDAP/export_NN : Initial Import
Save repository element : /CEDAP/Get_Files_NA : Initial Import
Save repository element : /CEDAP/import_file_errori : Initial Import
Save repository element : /CEDAP/neonati_01 : Initial Import
Save repository element : /CEDAP/neonati_02 : Initial Import
Save repository element : /CEDAP/parti_01 : Initial Import
Save repository element : /CEDAP/parti_02 : Initial Import
Save repository element : /CEDAP/v_cedap_NA : Initial Import
Save repository element : /CEDAP/v_cedap_NC : Initial Import
Save repository element : /CEDAP/v_cedap_NN : Initial Import
Save repository element : /CEDAP/xform_parti : Initial Import
Save repository element : /CookBook/age_calculation : Initial Import
Save repository element : /CookBook/main_Mapping : Initial Import
Save repository element : /CookBook/main_Mapping_new : Initial Import
Save repository element : /CUP/FileW_E_buffer : Initial Import
Save repository element : /CUP/FileW_export : Initial Import
Save repository element : /CUP/FileW_L : Initial Import
Save repository element : /CUP/FileW_qryControllo : Initial Import
Save repository element : /CUP/FileW_T_staging : Initial Import
Save repository element : /CUP/FileW_T_staging v0 : Initial Import
Save repository element : /CUP/FileW_variabili : Initial Import
Save repository element : /CUP/_loop_match_PE : Initial Import
Save repository element : /CUP/match_PE : Initial Import
Save repository element : /CUP/match_PE_debug : Initial Import
Save repository element : /CUP/old/sync_cube_prestazioni_prenotate Ver.1 : Initial Import
Save repository element : /CUP/Prenot_Aux/_debug_extract_Prenotazioni : Initial Import
Save repository element : /CUP/Prenot_Aux/_debug_Load_Prenot_Aux : Initial Import
Save repository element : /CUP/Prenot_Aux/_debug_xform_Buffer : Initial Import
Save repository element : /CUP/Prenot_Aux/extract_Prenotazioni : Initial Import
Save repository element : /CUP/Prenot_Aux/extract_Prenotazioni_CustomDate : Initial Import
Save repository element : /CUP/Prenot_Aux/extract_Prenotazioni_Normal : Initial Import
Save repository element : /CUP/Prenot_Aux/import_corsiCUP : Initial Import
Save repository element : /CUP/Prenot_Aux/Load_Prenot_Aux : Initial Import
Save repository element : /CUP/Prenot_Aux/xform_Buffer : Initial Import
Save repository element : /CUP/Sync_CUP/pop_dim_CUR : Initial Import
Save repository element : /CUP/Sync_CUP/pop_dim_elenco_prest_ises : Initial Import
Save repository element : /CUP/Sync_CUP/pop_dim_strutture_ises : Initial Import
Save repository element : /CUP/Sync_CUP/sync_cube_prestazioni_prenotate : Initial Import
Save repository element : /CUP/Sync_CUP/sync_cube_prestazioni_prenotate 2013-04-18 : Initial Import
Save repository element : /CUP/Sync_CUP/xform_Erogato : Initial Import
Save repository element : /CUP/Sync_CUP/xform_Erogato v1 : Initial Import
Save repository element : /CUP/Sync_CUP/xform_Prescrittore : Initial Import
Save repository element : /CUP/Sync_CUP/xform_Prescrittore_Rosse : Initial Import
Save repository element : /CUP/TMA/_ : Initial Import
Save repository element : /CUP/TMA/TMA import 01 : Initial Import
Save repository element : /CUP/TMA/TMA import 02 : Initial Import
Save repository element : /Elenco_CF e GdF/GDF_crea_file : Initial Import
Save repository element : /Elenco_CF e GdF/GDF_nominativi : Initial Import
Save repository element : /Elenco_CF e GdF/GDF_set_file_path : Initial Import
Save repository element : /Elenco_CF e GdF/_load_CF : Initial Import
Save repository element : /Elenco_CF e GdF/Load_CF da campo unico : Initial Import
Save repository element : /Elenco_CF e GdF/Load_Elenco_CF : Initial Import
Save repository element : /Elenco_CF e GdF/Load_Elenco_CF - old : Initial Import
Save repository element : /Elenco_CF e GdF/Load_Elenco_CF - word : Initial Import
Save repository element : /Elenco_CF e GdF/Load_Elenco_Ravveduti : Initial Import
Save repository element : /Elenco_CF e GdF/Load_STP_NAS : Initial Import
Save repository element : /Est_Produzione/agg_Est_Produzione : Initial Import
Save repository element : /Est_Produzione/agg_tmp : Initial Import
Save repository element : /Est_Produzione/Check_V_NOMEN_X_PKG_SPEC : Initial Import
Save repository element : /Est_Produzione/_debug_sync_Est_Produzione : Initial Import
Save repository element : /Est_Produzione/Lista Mesi x Check : Initial Import
Save repository element : /Est_Produzione/sync_Est_Produzione : Initial Import
Save repository element : /Est_Produzione/trun_agg_Est_Produzione : Initial Import
Save repository element : /Est_Produzione/old/sync_Est_Produzione ver.0 : Initial Import
Save repository element : /Est_Produzione/old/sync_Est_Produzione ver.1 (TRUNC) : Initial Import
Save repository element : /Est_Produzione/old/sync_Est_Produzione ver.2 : Initial Import
Save repository element : /IB (test x Menhir)/Lista Dimensioni : Initial Import
Save repository element : /IB (test x Menhir)/Lista Tabelle Dati : Initial Import
Save repository element : /IB (test x Menhir)/old_Bulk Load Tab Menhir : Initial Import
Save repository element : /IB (test x Menhir)/old_SetVar NomeTabella : Initial Import
Save repository element : /IB (test x Menhir)/Ricoveri_Patidok : Initial Import
Save repository element : /IB (test x Menhir)/Truncate Tabelle : Initial Import
Save repository element : /IB (test x Menhir)/Truncate vib_spec_esterni : Initial Import
Save repository element : /IB (test x Menhir)/vib_spec_esterni : Initial Import
Save repository element : /Importa TXT/_ import Excel CF SantAnna : Initial Import
Save repository element : /Importa TXT/_ import Excel Reparti : Initial Import
Save repository element : /Importa TXT/_ import Excel spot : Initial Import
Save repository element : /Importa TXT/_ import Excel_chk_CF_RIAB : Initial Import
Save repository element : /Importa TXT/_ import Excel_chk_LAB : Initial Import
Save repository element : /Importa TXT/_ import Excel_chk_RX : Initial Import
Save repository element : /Importa TXT/_ import Excel_chk_RX2 : Initial Import
Save repository element : /Importa TXT/CUR - Catalogo Regionale : Initial Import
Save repository element : /Importa TXT/Discipline e AFO : Initial Import
Save repository element : /Importa TXT/drg2009 : Initial Import
Save repository element : /Importa TXT/EsenzioniAmb.txt : Initial Import
Save repository element : /Importa TXT/_generico txt : Initial Import
Save repository element : /Importa TXT/_generico xls : Initial Import
Save repository element : /Importa TXT/ICD9CM_gruppi.txt : Initial Import
Save repository element : /Importa TXT/icd9cm2009 : Initial Import
Save repository element : /Importa TXT/import STS11_NSIS : Initial Import
Save repository element : /Importa TXT/import_CSV : Initial Import
Save repository element : /Importa TXT/Inteor07.txt : Initial Import
Save repository element : /Importa TXT/Nom_Bra.txt : Initial Import
Save repository element : /Importa TXT/Nomenclatore (schema DWH - vdim_nom_esterni) : Initial Import
Save repository element : /Importa TXT/Nomenclatori Specialistica.txt : Initial Import
Save repository element : /Importa TXT/Nom13.txt : Initial Import
Save repository element : /Importa TXT/Nom96.txt : Initial Import
Save repository element : /Importa TXT/PrbPS.txt : Initial Import
Save repository element : /Importa TXT/screen_ICD9.txt : Initial Import
Save repository element : /Importa TXT/SOGEI - Esenti Irregolari : Initial Import
Save repository element : /Importa TXT/Strutture_Sanitarie : Initial Import
Save repository element : /Importa TXT/Tariffe_DRG : Initial Import
Save repository element : /Importa TXT/_test_Fixed_TXT.txt : Initial Import
Save repository element : /Importa TXT/TipoMed : Initial Import
Save repository element : /Importa TXT Comuni/Aggiorna_ASL : Initial Import
Save repository element : /Importa TXT Comuni/Aggiorna_ASL_Comuni : Initial Import
Save repository element : /Importa TXT Comuni/Aggiorna_Comuni_Italiani : Initial Import
Save repository element : /Importa TXT Comuni/ASL.txt : Initial Import
Save repository element : /Importa TXT Comuni/ComiN.txt : Initial Import
Save repository element : /Importa TXT Comuni/ComiS.txt : Initial Import
Save repository element : /Importa TXT Comuni/Comuni_ASL.txt : Initial Import
Save repository element : /Importa TXT Comuni/Comuni.txt : Initial Import
Save repository element : /Importa TXT Comuni/ISTAT Comuni : Initial Import
Save repository element : /Importa TXT Comuni/Salva vecchie tabelle TXT : Initial Import
Save repository element : /Importa TXT Comuni/Salva vecchie tabelle TXT 20180627 : Initial Import
Save repository element : /Importa TXT Comuni/Stati.txt : Initial Import
Save repository element : /Importa TXT Comuni/UsComi.txt : Initial Import
Save repository element : /Importa TXT Comuni/Usli.txt : Initial Import
Save repository element : /Importa TXT Comuni/_old/Statis.txt : Initial Import
Save repository element : /Importa TXT Comuni/_old/Statis.txt_old : Initial Import
Save repository element : /Importa TXT Comuni/_old/Usli.txt_old : Initial Import
Save repository element : /InfoBright/Bulk Load Tabella : Initial Import
Save repository element : /InfoBright/CUP_Prestazioni : Initial Import
Save repository element : /InfoBright/Est_Produzione : Initial Import
Save repository element : /InfoBright/IB local load : Initial Import
Save repository element : /InfoBright/IB local truncate : Initial Import
Save repository element : /InfoBright/InfoBright_Create : Initial Import
Save repository element : /InfoBright/InfoBright_myPc : Initial Import
Save repository element : /InfoBright/Lista Dimensioni : Initial Import
Save repository element : /InfoBright/Lista Tabelle Dati : Initial Import
Save repository element : /InfoBright/_load_tabella : Initial Import
Save repository element : /InfoBright/SetVar NomeTabella : Initial Import
Save repository element : /InfoBright/sync_tabella : Initial Import
Save repository element : /InfoBright/sync_tabella_remote : Initial Import
Save repository element : /InfoBright/sync_vib_spec_esterni_T : Initial Import
Save repository element : /InfoBright/Truncate : Initial Import
Save repository element : /InfoBright/Truncate Nome : Initial Import
Save repository element : /InfoBright/Truncate Tabelle : Initial Import
Save repository element : /InfoBright/vdim_Tempo : Initial Import
Save repository element : /InfoBright/vdim_Varie : Initial Import
Save repository element : /InfoBright/vib_spec_esterni : Initial Import
Save repository element : /Interni/import_EMONET_01_DEL : Initial Import
Save repository element : /Interni/import_EMONET_02 : Initial Import
Save repository element : /Interni/Produzione_2_Oracle : Initial Import
Save repository element : /__Kettle Ver.3__/Ricettari e Medici/import_AAC : Initial Import
Save repository element : /__Kettle Ver.3__/Ricettari e Medici/import_Medici_Sogei : Initial Import
Save repository element : /__Kettle Ver.3__/Ricettari e Medici/_leggi_ricettari_CRUR : Initial Import
Save repository element : /__Kettle Ver.3__/Ricettari e Medici/Set_Path : Initial Import
Save repository element : /__Kettle Ver.3__/Ricettari e Medici/consegne/01_consegne in Sogei_Att : Initial Import
Save repository element : /__Kettle Ver.3__/Ricettari e Medici/consegne/02_consegne in Sogei_Anag : Initial Import
Save repository element : /__Kettle Ver.3__/Ricettari e Medici/consegne/03_consegne in Medici_ASL1 : Initial Import
Save repository element : /__Kettle Ver.3__/Ricettari e Medici/old/import_Medici_Sogei_a : Initial Import
Save repository element : /__Kettle Ver.3__/Ricettari e Medici/old/00_CRUR_SetVar : Initial Import
Save repository element : /__Kettle Ver.3__/Ricettari e Medici/old/04_load_Sogei_Att_a : Initial Import
Save repository element : /__Kettle Ver.3__/Ricettari e Medici/old/05_addinfo_Sogei_Anag_a : Initial Import
Save repository element : /__Kettle Ver.3__/Ricettari e Medici/sogei_CRUR/01_CRUR_GetFname : Initial Import
Save repository element : /__Kettle Ver.3__/Ricettari e Medici/sogei_CRUR/02_CRUR_Import : Initial Import
Save repository element : /__Kettle Ver.3__/Ricettari e Medici/sogei_CRUR/03_CRUR_Merge : Initial Import
Save repository element : /__Kettle Ver.3__/Ricettari e Medici/sogei_FMED/_test_FMED_Import : Initial Import
Save repository element : /__Kettle Ver.3__/Ricettari e Medici/sogei_FMED/01_FMED_GetFname : Initial Import
Save repository element : /__Kettle Ver.3__/Ricettari e Medici/sogei_FMED/02_FMED_Import : Initial Import
Save repository element : /__Kettle Ver.3__/Ricettari e Medici/sogei_FMED/03_load_Sogei_Anag : Initial Import
Save repository element : /__Kettle Ver.3__/Ricettari e Medici/sogei_FMED/04_load_Sogei_Att : Initial Import
Save repository element : /__Kettle Ver.3__/Ricettari e Medici/sogei_FMED/05_addinfo_Sogei_Anag : Initial Import
Save repository element : /__NextDel__/_ : Initial Import
Save repository element : /__NextDel__/import_MDB_MARNO_ricette : Initial Import
Save repository element : /__NextDel__/_inputXML : Initial Import
Save repository element : /__NextDel__/_json_input : Initial Import
Save repository element : /__NextDel__/_json_out : Initial Import
Save repository element : /__NextDel__/_json_Wunder_input : Initial Import
Save repository element : /__NextDel__/spe730_update_sparefield : Initial Import
Save repository element : /__NextDel__/Transformation 1 : Initial Import
Save repository element : /__NextDel__/t20160114 : Initial Import
Save repository element : /NSIS/HSP12_export : Initial Import
Save repository element : /NSIS/HSP12_load : Initial Import
Save repository element : /NSIS/HSP12_param : Initial Import
Save repository element : /NSIS/HSP12_Regione : Initial Import
Save repository element : /NSIS/HSP12_sent : Initial Import
Save repository element : /NSIS/HSP22b_export : Initial Import
Save repository element : /NSIS/HSP22b_load : Initial Import
Save repository element : /NSIS/HSP22b_param : Initial Import
Save repository element : /NSIS/HSP22b_sent : Initial Import
Save repository element : /NSIS/HSP24F_export : Initial Import
Save repository element : /NSIS/HSP24F_load : Initial Import
Save repository element : /NSIS/HSP24F_param : Initial Import
Save repository element : /NSIS/HSP24F_sent : Initial Import
Save repository element : /NSIS/HSP24G_export : Initial Import
Save repository element : /NSIS/HSP24G_load : Initial Import
Save repository element : /NSIS/HSP24G_param : Initial Import
Save repository element : /NSIS/HSP24G_sent : Initial Import
Save repository element : /NSIS/HSP24H_export : Initial Import
Save repository element : /NSIS/HSP24H_load : Initial Import
Save repository element : /NSIS/HSP24H_param : Initial Import
Save repository element : /NSIS/HSP24H_sent : Initial Import
Save repository element : /NSIS/HSP24I_export : Initial Import
Save repository element : /NSIS/HSP24I_load : Initial Import
Save repository element : /NSIS/HSP24I_param : Initial Import
Save repository element : /NSIS/HSP24I_sent : Initial Import
Save repository element : /NSIS/PL_Anno_export : Initial Import
Save repository element : /NSIS/PL_Anno_load : Initial Import
Save repository element : /NSIS/PL_Anno_setvar : Initial Import
Save repository element : /NSIS/PL_export : Initial Import
Save repository element : /NSIS/PL_load : Initial Import
Save repository element : /NSIS/PL_setvar : Initial Import
Save repository element : /NSIS/PL_VAR_History : Initial Import
Save repository element : /NSIS/_preview differenze PL_correnti e modPL : Initial Import
Save repository element : /NSIS/STS21_export : Initial Import
Save repository element : /NSIS/STS21_import_Est : Initial Import
Save repository element : /NSIS/STS21_import_Int : Initial Import
Save repository element : /NSIS/STS21_load : Initial Import
Save repository element : /NSIS/STS21_param : Initial Import
Save repository element : /NSIS/STS21_sent : Initial Import
Save repository element : /NSIS/Fast/HSP14_fast_IN : Initial Import
Save repository element : /NSIS/Fast/HSP14_fast_OUT : Initial Import
Save repository element : /NSIS/Fast/HSP23F_fast_IN : Initial Import
Save repository element : /NSIS/Fast/HSP23F_fast_OUT : Initial Import
Save repository element : /NSIS/Fast/STS14_fast_IN : Initial Import
Save repository element : /NSIS/Fast/STS14_fast_OUT : Initial Import
Save repository element : /NSIS/Fast/STS24F_export : Initial Import
Save repository element : /NSIS/Fast/STS24F_import : Initial Import
Save repository element : /NSIS/Fast/STS24F_load : Initial Import
Save repository element : /NSIS/Fast/STS24F_sent : Initial Import
Save repository element : /NSIS/Fast/STS24G_export : Initial Import
Save repository element : /NSIS/Fast/STS24G_import : Initial Import
Save repository element : /NSIS/Fast/STS24G_load : Initial Import
Save repository element : /NSIS/Fast/STS24G_sent : Initial Import
Save repository element : /NSIS/importa da NSIS/import_sts11 : Initial Import
Save repository element : /NSIS/old/HSP12 : Initial Import
Save repository element : /NSIS/old/HSP22b_export : Initial Import
Save repository element : /NSIS/old/HSP22b_load_old : Initial Import
Save repository element : /NSIS/old/HSP22b_setstate : Initial Import
Save repository element : /NSIS/old/HSP22b_variabili : Initial Import
Save repository element : /Passiva/fughe_SDO/fughe_SDO_load_01 : Initial Import
Save repository element : /Passiva/fughe_SDO/_old/fughe_SDO_load_01 : Initial Import
Save repository element : /Passiva/fughe_SDO/_old/intrareg_SDO_load_01 : Initial Import
Save repository element : /Passiva/fughe_SDO/SDO_mensile_liguri/legge Lista Cartelle Mesi : Initial Import
Save repository element : /Passiva/fughe_SDO/SDO_mensile_liguri/SDO_mensile_liguri_load_01 : Initial Import
Save repository element : /Passiva/fughe_SPEC/fughe_SPEC_load_01 : Initial Import
Save repository element : /Passiva/fughe_SPEC/fughe_SPEC_load_02 : Initial Import
Save repository element : /Passiva/fughe_SPEC/fughe_SPEC_load_02_tmp : Initial Import
Save repository element : /Passiva/fughe_Terme/fughe_Terme_load_E1E2 : Initial Import
Save repository element : /Pronto_Soccorso/_ Aggiorna un Campo direttamente da Patidok : Initial Import
Save repository element : /Pronto_Soccorso/_debug_Accessi_PS_DOPPI : Initial Import
Save repository element : /Pronto_Soccorso/_debug_Prestazioni_PS : Initial Import
Save repository element : /Pronto_Soccorso/_InsUpd_Prestazioni : Initial Import
Save repository element : /Pronto_Soccorso/Load_Accessi_PS_01 : Initial Import
Save repository element : /Pronto_Soccorso/Load_Accessi_PS_01_old : Initial Import
Save repository element : /Pronto_Soccorso/Load_Accessi_PS_02 : Initial Import
Save repository element : /Pronto_Soccorso/Load_Prestazioni_PS_01 : Initial Import
Save repository element : /Pronto_Soccorso/Load_Prestazioni_PS_02 : Initial Import
Save repository element : /Pronto_Soccorso/_look_up Tipo_Evento : Initial Import
Save repository element : /Pronto_Soccorso/Populate_Dimensions : Initial Import
Save repository element : /Pronto_Soccorso/Purge_Accessi_PS : Initial Import
Save repository element : /Pronto_Soccorso/_set_Id_Dimensioni : Initial Import
Save repository element : /Pronto_Soccorso/_set_MMG_Accessi_PS : Initial Import
Save repository element : /Pronto_Soccorso/xform_Accessi_PS : Initial Import
Save repository element : /Pronto_Soccorso/xform_Pagamenti_Ticket : Initial Import
Save repository element : /Pronto_Soccorso/xform_Pagamenti_Ticket v0 : Initial Import
Save repository element : /Pronto_Soccorso/xform_Pagamenti_Ticket v1 : Initial Import
Save repository element : /Pronto_Soccorso/old/Load_Accessi_PS_01 v 20100107 : Initial Import
Save repository element : /Pronto_Soccorso/old/Load_Accessi_PS_02 v 20090723 : Initial Import
Save repository element : /Pronto_Soccorso/old/Purge_Accessi_PS v 20101122 : Initial Import
Save repository element : /Pronto_Soccorso/Tracciatone_PS/import_PS_00_date : Initial Import
Save repository element : /Pronto_Soccorso/Tracciatone_PS/import_PS_01 : Initial Import
Save repository element : /Pronto_Soccorso/Tracciatone_PS/import_PS_02 : Initial Import
Save repository element : /Pronto_Soccorso/Tracciatone_PS/imposta_mail_list_PS : Initial Import
Save repository element : /Pronto_Soccorso/Tracciatone_PS/xform_PS : Initial Import
Save repository element : /record_SeT/_ : Initial Import
Save repository element : /record_SeT/_aggiorna Record_T da Tracciatone : Initial Import
Save repository element : /record_SeT/_debug_import_SeT : Initial Import
Save repository element : /record_SeT/_debug_S : Initial Import
Save repository element : /record_SeT/_debug_T : Initial Import
Save repository element : /record_SeT/_debug_update_F_IMPORT : Initial Import
Save repository element : /record_SeT/delete_SeT : Initial Import
Save repository element : /record_SeT/Get_Files_SeT : Initial Import
Save repository element : /record_SeT/import_SeT : Initial Import
Save repository element : /record_SeT/_import_SeT_originali_Servizi_Medici : Initial Import
Save repository element : /record_SeT/Lista da PDI_Verif_LOG : Initial Import
Save repository element : /record_SeT/load_S : Initial Import
Save repository element : /record_SeT/load_T : Initial Import
Save repository element : /record_SeT/load_T_v0 : Initial Import
Save repository element : /record_SeT/load_XLS_screen_S : Initial Import
Save repository element : /record_SeT/load_XLS_screen_T : Initial Import
Save repository element : /record_SeT/PDI_Verif_S : Initial Import
Save repository element : /record_SeT/PDI_Verif_set_IDs : Initial Import
Save repository element : /record_SeT/_reset : Initial Import
Save repository element : /record_SeT/set PDI_Verif_LOG : Initial Import
Save repository element : /record_SeT/update_F_IMPORT : Initial Import
Save repository element : /record_SeT/update_F_IMPORT v1 : Initial Import
Save repository element : /record_SeT/update_F_IMPORT 2017-11-14 : Initial Import
Save repository element : /record_SeT/xform_accreditati_cup3 : Initial Import
Save repository element : /record_SeT/xform_accreditati_cup3_STORICO : Initial Import
Save repository element : /record_SeT/xform_accreditati_esenzione : Initial Import
Save repository element : /record_SeT/xform_addSAR_test : Initial Import
Save repository element : /record_SeT/xform_Record_S_esenzione_STORICO : Initial Import
Save repository element : /record_SeT/anomalie/import_errori_Spec_Bloccanti : Initial Import
Save repository element : /record_SeT/anomalie/import_errori_Specialistica : Initial Import
Save repository element : /record_SeT/anomalie/legge Lista Cartelle : Initial Import
Save repository element : /record_SeT/export/_allega ZIP : Initial Import
Save repository element : /record_SeT/export/email_address : Initial Import
Save repository element : /record_SeT/export/export_S : Initial Import
Save repository element : /record_SeT/export/export_SeT_variabili : Initial Import
Save repository element : /record_SeT/export/export_S_LP : Initial Import
Save repository element : /record_SeT/export/export_T : Initial Import
Save repository element : /record_SeT/export/export_T_LP : Initial Import
Save repository element : /record_SeT/export/Lista_Parametri : Initial Import
Save repository element : /record_SeT/export/ZIP imposta parametri : Initial Import
Save repository element : /record_SeT/LP/delete_SeT_LP : Initial Import
Save repository element : /record_SeT/LP/_import_SeT_LP : Initial Import
Save repository element : /record_SeT/LP/import_SeT_LP : Initial Import
Save repository element : /record_SeT/LP/load_S_LP : Initial Import
Save repository element : /record_SeT/LP/load_T_LP : Initial Import
Save repository element : /record_SeT/LP/update_F_IMPORT_LP : Initial Import
Save repository element : /record_SeT/LP/SGP/export_SGP_S : Initial Import
Save repository element : /record_SeT/LP/SGP/export_SGP_T : Initial Import
Save repository element : /record_SeT/LP/SGP/SGP_Load : Initial Import
Save repository element : /Ricoveri Patidok/_debug_Load_Day_01 : Initial Import
Save repository element : /Ricoveri Patidok/_debug_Load_Ricoveri_01 : Initial Import
Save repository element : /Ricoveri Patidok/file_x_Plurima : Initial Import
Save repository element : /Ricoveri Patidok/Load_Day_01 : Initial Import
Save repository element : /Ricoveri Patidok/Load_Day_02 : Initial Import
Save repository element : /Ricoveri Patidok/Load_Interv_01 : Initial Import
Save repository element : /Ricoveri Patidok/Load_Interv_02 : Initial Import
Save repository element : /Ricoveri Patidok/Load_Movimenti : Initial Import
Save repository element : /Ricoveri Patidok/Load_Ricoveri_01 : Initial Import
Save repository element : /Ricoveri Patidok/Load_Ricoveri_02 : Initial Import
Save repository element : /Ricoveri Patidok/Purge_Accessi_Day : Initial Import
Save repository element : /Ricoveri Patidok/Purge_Interv : Initial Import
Save repository element : /Ricoveri Patidok/Purge_Ricoveri_Annullati : Initial Import
Save repository element : /Ricoveri Patidok/Purge_Ricoveri_Trasformati : Initial Import
Save repository element : /Ricoveri Patidok/Set_HSP24 : Initial Import
Save repository element : /SAR/load_SAR_01 : Initial Import
Save repository element : /SAR/robaccia_vecchia/cube_prescrizioni FARMA : Initial Import
Save repository element : /SAR/robaccia_vecchia/cube_prescrizioni SPEC : Initial Import
Save repository element : /SAR/robaccia_vecchia/import_farma_riep_01 : Initial Import
Save repository element : /SDOePAC/_ : Initial Import
Save repository element : /SDOePAC/_ Aggiorna un Campo : Initial Import
Save repository element : /SDOePAC/Fill_Reparti_CDC : Initial Import
Save repository element : /SDOePAC/purge_SDOPAC : Initial Import
Save repository element : /SDOePAC/purge_SDOPAC v0 : Initial Import
Save repository element : /SDOePAC/SDO_set_ID_FP : Initial Import
Save repository element : /SDOePAC/set_Ripetuti_MDC : Initial Import
Save repository element : /SDOePAC/sync_PAC : Initial Import
Save repository element : /SDOePAC/sync_SDO : Initial Import
Save repository element : /SDOePAC/Loader/_debug_inputXML_T : Initial Import
Save repository element : /SDOePAC/Loader/_debug_PAC_load_01 : Initial Import
Save repository element : /SDOePAC/Loader/_debug_SDO_doppie : Initial Import
Save repository element : /SDOePAC/Loader/_debug_SDO_load_01 : Initial Import
Save repository element : /SDOePAC/Loader/_debug_SDO_load_02 : Initial Import
Save repository element : /SDOePAC/Loader/_debug_SDO_XML_A : Initial Import
Save repository element : /SDOePAC/Loader/Fill_Reparti_CDC - Kettle v3 : Initial Import
Save repository element : /SDOePAC/Loader/Fill_Reparti_CDC_v0 : Initial Import
Save repository element : /SDOePAC/Loader/import CartelleStoriche : Initial Import
Save repository element : /SDOePAC/Loader/PAC_chk_pk : Initial Import
Save repository element : /SDOePAC/Loader/PAC_delete : Initial Import
Save repository element : /SDOePAC/Loader/PAC_Get_Files : Initial Import
Save repository element : /SDOePAC/Loader/PAC_load_01 : Initial Import
Save repository element : /SDOePAC/Loader/PAC_load_02 : Initial Import
Save repository element : /SDOePAC/Loader/PAC_Set_Var : Initial Import
Save repository element : /SDOePAC/Loader/PAC_Tipi_DSA : Initial Import
Save repository element : /SDOePAC/Loader/santanna_SDO_load : Initial Import
Save repository element : /SDOePAC/Loader/santanna_SDO_XML_load : Initial Import
Save repository element : /SDOePAC/Loader/SDO_chk_pk : Initial Import
Save repository element : /SDOePAC/Loader/SDO_Get_Files : Initial Import
Save repository element : /SDOePAC/Loader/SDO_load_01 : Initial Import
Save repository element : /SDOePAC/Loader/SDO_load_02 : Initial Import
Save repository element : /SDOePAC/Loader/SDO_Set_Var : Initial Import
Save repository element : /SDOePAC/Loader/SDO_XML_chk_pk : Initial Import
Save repository element : /SDOePAC/Loader/SDO_XML_Get_Files : Initial Import
Save repository element : /SDOePAC/Loader/SDO_XML_load_M1 : Initial Import
Save repository element : /SDOePAC/Loader/SDO_XML_load_M2 : Initial Import
Save repository element : /SDOePAC/Loader/SDO_XML_load_01 : Initial Import
Save repository element : /SDOePAC/Loader/SDO_XML_load_01 ver1 : Initial Import
Save repository element : /SDOePAC/Loader/SDO_XML_load_02 : Initial Import
Save repository element : /SDOePAC/Loader/SDO_XML_xform : Initial Import
Save repository element : /SDOePAC/Loader/Dinamica/Aggiorna_Dinamica_Mese : Initial Import
Save repository element : /SDOePAC/Loader/Dinamica/Aggiorna_Dinamica_Mese v0 : Initial Import
Save repository element : /SDOePAC/Loader/Dinamica/Aggiorna_Dinamica_Mese v1 : Initial Import
Save repository element : /SDOePAC/Loader/Dinamica/Aggiorna_Dinamica_Mese v2 : Initial Import
Save repository element : /SDOePAC/Loader/Dinamica/Aggiorna_Dinamica_Mese v3 : Initial Import
Save repository element : /SDOePAC/Loader/Dinamica/Set_HSP22 : Initial Import
Save repository element : /SDOePAC/Loader/Dinamica/Set_HSP22_v0 : Initial Import
Save repository element : /SDOePAC/Loader/Dinamica/test Set_HSP22 : Initial Import
Save repository element : /__subTransf__/LookUp Prescrittore : Initial Import
Save repository element : /__subTransf__/LookUp Prescrittore - prova : Initial Import
Save repository element : /__system__/CmdLineArg_in_Var : Initial Import
Save repository element : /__system__/import_countrysubdivision : Initial Import
Save repository element : /__system__/import_municipality : Initial Import
Save repository element : /__system__/PRO_Subscribe_scheduler : Initial Import
Save repository element : /Terme/_ : Initial Import
Save repository element : /Terme/Carica Tariffe : Initial Import
Save repository element : /Terme/_debug_buffer_01 : Initial Import
Save repository element : /Terme/_debug_Terme_import_E1E2 : Initial Import
Save repository element : /Terme/Export CreaTxt : Initial Import
Save repository element : /Terme/Export ListaMesi : Initial Import
Save repository element : /Terme/Export SetVar : Initial Import
Save repository element : /Terme/Set_yyyyMMdd : Initial Import
Save repository element : /Terme/Terme_buffer_01 : Initial Import
Save repository element : /Terme/Terme_buffer_02 : Initial Import
Save repository element : /Terme/Terme_check_integrity : Initial Import
Save repository element : /Terme/Terme_Get_Files : Initial Import
Save repository element : /Terme/Terme_import_E1E2 : Initial Import
Save repository element : /Terme/Terme_load : Initial Import
Save repository element : /Terme/Terme_load_err : Initial Import
Save repository element : /Terme/Terme_verif_P : Initial Import
Save repository element : /Terme/Terme_verif_R : Initial Import
Save repository element : /testBI/Change Data Capture : Initial Import
Save repository element : /testBI/Elenco_Strutture : Initial Import
Save repository element : /testBI/Get_Oracle_Env : Initial Import
Save repository element : /testBI/GetPDIEnv : Initial Import
Save repository element : /testBI/import_E1 : Initial Import
Save repository element : /testBI/KettleComponentDemo : Initial Import
Save repository element : /testBI/Logging : Initial Import
Save repository element : /testBI/Monitor_F_Import : Initial Import
Save repository element : /testBI/Sort_Test : Initial Import
Save repository element : /testBI/Sort_Test0 : Initial Import
Save repository element : /testBI/testBI_job_Set_Arg : Initial Import
Save repository element : /testBI/testBI_transf : Initial Import
Save repository element : /testBI/test_Transf : Initial Import
Save repository element : /testBI/weather : Initial Import
Save repository element : /Trasporti/import_trasporti_est_01 : Initial Import
Save repository element : /Trasporti/import_trasporti_est_02 : Initial Import
Save repository element : /Trasporti/import_trasporti_int_01 : Initial Import
Save repository element : /Trasporti/import_trasporti_int_02 : Initial Import
Save repository element : /Trasporti/trasp_int_look_up : Initial Import
Save repository element : /Trasporti/xform_trasporti_est : Initial Import
Save repository element : /Trasporti/xform_trasporti_int : Initial Import
Save repository element : /Vari/Base64 - Decoder and Encoder : Initial Import
Save repository element : /Vari/CF farma diretta : Initial Import
Save repository element : /Vari/elenco_sdo : Initial Import
Save repository element : /Vari/Import_Medici_SOGEI : Initial Import
Save repository element : /Vari/Inail_PS_import : Initial Import
Save repository element : /Vari/LookUp in Anagrafica : Initial Import
Save repository element : /Vari/LookUp su tmp_Excel 1 : Initial Import
Save repository element : /Vari/LookUp su tmp_Excel 2 : Initial Import
Save repository element : /Vari/NumTel da ISES e AAC : Initial Import
Save repository element : /Vari/STR_2_CDC : Initial Import
Save repository element : /Vari/STR_2_CDC ver.0 : Initial Import
Save repository element : /Vari/v_utenti_livelli : Initial Import
Save repository element : /Vari/Base64/base642File : Initial Import
Save repository element : /Vari/Base64/Decode pdf in base64 : Initial Import
Save repository element : /Vari/Base64/Encode e Decode pdf in base64 : Initial Import
Save repository element : /Vari/Data_Export/data_export : Initial Import
Save repository element : /Vari/Data_Export/Dettaglio_SDO : Initial Import
Save repository element : /Vari/Data_Export/LP_Polaris : Initial Import
Save repository element : /Vari/Dimensioni/applica_DIM_NOMEN_EST : Initial Import
Save repository element : /Vari/Dimensioni/load_dim_Nomen_Est : Initial Import
Save repository element : /Vari/Dimensioni/pop_dim_eta : Initial Import
Save repository element : /Vari/Dimensioni/pop_dim_tempo : Initial Import
Save repository element : /Vari/Dimensioni/pop_dim_tempo_remoto : Initial Import
Save repository element : /Vari/Dipendenti/sync_Dip : Initial Import
Save repository element : /Vari/Email/Email Input : Initial Import
Save repository element : /Vari/Email/input da IMAP folder : Initial Import
Save repository element : /Vari/Email/Invia Mail da Transformation : Initial Import
Save repository element : /Vari/FarmaDiretta/import_DA : Initial Import
Save repository element : /Vari/FarmaDiretta/import_DP : Initial Import
Save repository element : /Vari/FarmaDiretta/import_DR : Initial Import
Save repository element : /Vari/FTP/eMail FileNames input : Initial Import
Save repository element : /Vari/FTP/eMail set FileName : Initial Import
Save repository element : /Vari/FTP/Get_File_Names : Initial Import
Save repository element : /Vari/FTP/Set_Wildcard_Var : Initial Import
Save repository element : /Vari/FTP/Wildcard_List : Initial Import
Save repository element : /Vari/Java e JavaScript/read e write Binary File (con Java Class) : Initial Import
Save repository element : /Vari/Java e JavaScript/read e write su file binario (JavaScript) : Initial Import
Save repository element : /Vari/Java e JavaScript/test JavaScript base : Initial Import
Save repository element : /Vari/Java e JavaScript/test_JavaScript : Initial Import
Save repository element : /Vari/Java e JavaScript/write file binario (con JavaScript) : Initial Import
Save repository element : /Vari/Java e JavaScript/UDJC_samples/db access : Initial Import
Save repository element : /Vari/Java e JavaScript/UDJC_samples/error handling : Initial Import
Save repository element : /Vari/Java e JavaScript/UDJC_samples/info_steps : Initial Import
Save repository element : /Vari/Java e JavaScript/UDJC_samples/input step : Initial Import
Save repository element : /Vari/Java e JavaScript/UDJC_samples/parameters : Initial Import
Save repository element : /Vari/Java e JavaScript/UDJC_samples/target_steps : Initial Import
Save repository element : /Vari/Java e JavaScript/UDJC_samples/uppercase : Initial Import
Save repository element : /Vari/Loop/Lista_Parametri : Initial Import
Save repository element : /Vari/Loop/Lista_Parametri_qry : Initial Import
Save repository element : /Vari/Loop/Lista_Parametri_txt : Initial Import
Save repository element : /Vari/Loop/Mese_da_Data : Initial Import
Save repository element : /Vari/MRA/import_dipartimenti : Initial Import
Save repository element : /Vari/MRA/set_Cod_Mra_dip : Initial Import
Save repository element : /Vari/Ordini Patidok/Load_Orders_01 : Initial Import
Save repository element : /Vari/Ordini Patidok/Load_Orders_02 : Initial Import
Save repository element : /Vari/Ordini Patidok/Purge_Orders : Initial Import
Save repository element : /Vari/PassingVariables/tr_show_param_values : Initial Import
Save repository element : /Vari/Polaris_Attivita_Med/Attivita_Medico : Initial Import
Save repository element : /Vari/Ricettari e Medici/import_AAC : Initial Import
Save repository element : /Vari/Ricettari e Medici/import_Medici_Sogei : Initial Import
Save repository element : /Vari/Ricettari e Medici/_leggi_ricettari_CRUR : Initial Import
Save repository element : /Vari/Ricettari e Medici/Set_Path : Initial Import
Save repository element : /Vari/Ricettari e Medici/Set_Path V0 : Initial Import
Save repository element : /Vari/Ricettari e Medici/consegne/01_consegne in Sogei_Att : Initial Import
Save repository element : /Vari/Ricettari e Medici/consegne/02_consegne in Sogei_Anag : Initial Import
Save repository element : /Vari/Ricettari e Medici/consegne/03_consegne in Medici_ASL1 : Initial Import
Save repository element : /Vari/Ricettari e Medici/old/import_Medici_Sogei_a : Initial Import
Save repository element : /Vari/Ricettari e Medici/old/00_CRUR_SetVar : Initial Import
Save repository element : /Vari/Ricettari e Medici/old/04_load_Sogei_Att_a : Initial Import
Save repository element : /Vari/Ricettari e Medici/old/05_addinfo_Sogei_Anag_a : Initial Import
Save repository element : /Vari/Ricettari e Medici/sogei_CRUR/01_CRUR_GetFname : Initial Import
Save repository element : /Vari/Ricettari e Medici/sogei_CRUR/02_CRUR_Import : Initial Import
Save repository element : /Vari/Ricettari e Medici/sogei_CRUR/03_CRUR_Merge : Initial Import
Save repository element : /Vari/Ricettari e Medici/sogei_FMED/_test_FMED_Import : Initial Import
Save repository element : /Vari/Ricettari e Medici/sogei_FMED/01_FMED_GetFname : Initial Import
Save repository element : /Vari/Ricettari e Medici/sogei_FMED/02_FMED_Import : Initial Import
Save repository element : /Vari/Ricettari e Medici/sogei_FMED/03_load_Sogei_Anag : Initial Import
Save repository element : /Vari/Ricettari e Medici/sogei_FMED/04_load_Sogei_Att : Initial Import
Save repository element : /Vari/Ricettari e Medici/sogei_FMED/05_addinfo_Sogei_Anag : Initial Import
Save repository element : /Vari/Santi/import Analisi Lab : Initial Import
Save repository element : /Vari/Santi/import Analisi Lab PIEVE : Initial Import
Save repository element : /Vari/Santi/import Esenzioni Liguria Digitale : Initial Import
Save repository element : /Vari/Santi/import Esenzioni Liguria Digitale 2 : Initial Import
Save repository element : /Vari/Santi/Import Ricoveri Anselmo : Initial Import
Save repository element : /Vari/Santi/Import Ricoveri Ardissone : Initial Import
Save repository element : /Vari/Santi/Import Ricoveri Intensivi : Initial Import
Save repository element : /Vari/Santi/Import Ricoveri RSA Pieve : Initial Import
Save repository element : /Vari/Santi/load_campioni : Initial Import
Save repository element : /Vari/Santi/load_trasporti : Initial Import
Save repository element : /Vari/Santi/Simula ricette PIEVE : Initial Import
Save repository element : /Vari/Santi/Simula ricette Santi : Initial Import
Save repository element : /Vari/Santi/xform_Record_S_Ricoverati_Santi : Initial Import
Save repository element : /Vari/Screening/_old/Donne_Screening_load : Initial Import
Save repository element : /Vari/Screening/_old/Donne_Screening_xform : Initial Import
Save repository element : /Vari/Screening/_old/File XLS Daniela : Initial Import
Save repository element : /Vari/Screening/_old/import_screening_01 : Initial Import
Save repository element : /Vari/Screening/_old/import_screening_02 : Initial Import
Save repository element : /Vari/Screening/_old/inviti_colon : Initial Import
Save repository element : /Vari/Screening/_old/inviti_mammo : Initial Import
Save repository element : /Vari/Screening/_old/inviti_pap : Initial Import
Save repository element : /Vari/Screening/_old/screening_xform : Initial Import
Save repository element : /Vari/URP_Segnalazioni/pop_urp_cdc_corr : Initial Import
Save repository element : /Vari/URP_Segnalazioni/pop_urp_cdc_old : Initial Import
Save repository element : /Vari/Uso Patidok/_DEBUG_uso_reparti_nuova : Initial Import
Save repository element : /Vari/Uso Patidok/load_uso_patidok : Initial Import
Save repository element : /Vari/Uso Patidok/uso_reparti_nuova : Initial Import
Save repository element : /Vari/Uso Patidok/uso_reparti_nuova_RELOAD : Initial Import
Save repository element : /Vari/Uso Patidok/uso_reparti_vecchia : Initial Import
Save repository element : /Vari/UVMO/_ : Initial Import
Save repository element : /Vari/UVMO/_debug_export_UVMO : Initial Import
Save repository element : /Vari/UVMO/_debug_import_UVMO_01 : Initial Import
Save repository element : /Vari/UVMO/export_UVMO : Initial Import
Save repository element : /Vari/UVMO/export_UVMO ver.1 : Initial Import
Save repository element : /Vari/UVMO/export_UVMO ver.2 : Initial Import
Save repository element : /Vari/UVMO/File2Row Resultset : Initial Import
Save repository element : /Vari/UVMO/import_UVMO_01 : Initial Import
Save repository element : /Vari/UVMO/import_UVMO_01 ver.1 : Initial Import
Save repository element : /Vari/UVMO/import_UVMO_02 : Initial Import
Save repository element : /Vari/UVMO/load_dim_esito_UVMO : Initial Import
Save repository element : /Vari/UVMO/Set_YYYYMM : Initial Import
Save repository element : /Vari/UVMO/Test File Names : Initial Import
Save repository element : /Vari/UVMO/xform_UVMO_01 : Initial Import
Save repository element : /Vari/UVMO/xform_UVMO_02 : Initial Import
Save repository element : /Vari/WebServices/_ : Initial Import
Save repository element : /Vari/WebServices/Annotated SOAP Web Service call : Initial Import
Save repository element : /Vari/WebServices/Check if webservice is available : Initial Import
Save repository element : /Vari/WebServices/Convert degrees Celsius to Farenheit : Initial Import
Save repository element : /Vari/WebServices/CurrencyConvertor : Initial Import
Save repository element : /Vari/WebServices/JavaScript - Parse XML : Initial Import
Save repository element : /Vari/WebServices/test WebService lookup x EsitoInvii : Initial Import
Save repository element : /Vari/WebServices/_testE4X : Initial Import
Save repository element : /Vari/WebServices/_testE4X_Esito : Initial Import
Save repository element : /Vari/WebServices/WebService : Initial Import
Save repository element : /Vari/WebServices/WebService Find Latitude and Longitude by zip code : Initial Import
Save repository element : /Vari/WebServices/WebService Yahoo : Initial Import
Save repository element : /Vari/WebServices/WebServicesMovieListingAsHTTP : Initial Import
Save repository element : /Vari/xCod/_ : Initial Import
Save repository element : /Vari/xCod/CdC_2_CodMin : Initial Import
Save repository element : /Vari/xCod/CdC_2_CodMin v0 : Initial Import
Save repository element : /Vari/xCod/CdC_2_CodMin v1 : Initial Import
Save repository element : /Vari/xCod/CdC_2_CodMin_extra : Initial Import
Save repository element : /Vari/xCod/CdC_2_CodMin_extra v0 : Initial Import
Save repository element : /Vari/xCod/CdC_2_CodMin_history : Initial Import
Save repository element : /Vari/xCod/Chk_uniq_CdC_correnti : Initial Import
Save repository element : /Vari/XML/prove con XPATH : Initial Import
Save repository element : /Vari/XML/staff : Initial Import
Save repository element : /Vari/XML/textXMLdenorm : Initial Import
Save repository element : /Vari/Zip/Test x ZIP elenco files : Initial Import
Save repository element : /Vertica/carica_VCUBE_CUP_PRESTAZIONI : Initial Import
Save repository element : /Vertica/carica_VIB_SPEC_ESTERNI : Initial Import
Save repository element : /Vertica/lista_data : Initial Import
Save repository element : /Vertica/lista_dim : Initial Import
Save repository element : /Vertica/load_table : Initial Import
Save repository element : /Vertica/prima : Initial Import
Save repository element : /Vertica/test_load : Initial Import
Save repository element : /730_precompilato/Aggiorna_Stato : Initial Import
Save repository element : /730_precompilato/Cifra_Stringa : Initial Import
Save repository element : /730_precompilato/_debug_import_730_01_buffer : Initial Import
Save repository element : /730_precompilato/export_XML : Initial Import
Save repository element : /730_precompilato/import_730_01_buffer : Initial Import
Save repository element : /730_precompilato/import_730_02bis_TestMod : Initial Import
Save repository element : /730_precompilato/import_730_02_xform : Initial Import
Save repository element : /730_precompilato/_import_730_03_load : Initial Import
Save repository element : /730_precompilato/import_730_03_load : Initial Import
Save repository element : /730_precompilato/import_730_04_num : Initial Import
Save repository element : /730_precompilato/import_730_05_rim : Initial Import
Save repository element : /730_precompilato/import_730_06_Validation : Initial Import
Save repository element : /730_precompilato/import_730_06_Validation v1 : Initial Import
Save repository element : /730_precompilato/import_730_07_Cifra_CF : Initial Import
Save repository element : /730_precompilato/last_protocollo : Initial Import
Save repository element : /730_precompilato/load_protocollo : Initial Import
Save repository element : /730_precompilato/_LookUp x Pin_Azienda : Initial Import
Save repository element : /730_precompilato/reload_XML : Initial Import
Save repository element : /730_precompilato/Sommario_Invio : Initial Import
Save repository element : /730_precompilato/esempi/_esempio WebServicesMovieListingAsHTTP : Initial Import
Save repository element : /730_precompilato/esempi/T_XML_InsertComplexNode : Initial Import
Save repository element : /730_precompilato/esempi/XML : Initial Import
Save repository element : /730_precompilato/esempi/xml Add : Initial Import
Save repository element : /730_precompilato/esempi/XML inserisce subnodi in un main : Initial Import
Save repository element : /730_precompilato/esempi/XML inserisce subnodi in un main_my : Initial Import
Save repository element : /730_precompilato/esempi/XML Join - Create a multilayer XML file : Initial Import
Save repository element : /730_precompilato/esempi/XSD Validator : Initial Import
Save repository element : /730_precompilato/_old/export_XML v1 : Initial Import
Save repository element : /730_precompilato/_old/export_XML v2 : Initial Import
Save repository element : /730_precompilato/_old/import_cupssn_01_buffer : Initial Import
Save repository element : /730_precompilato/_old/import_cupssn_02_xform : Initial Import
Save repository element : /730_precompilato/_old/import_cupssn_03bis_stato : Initial Import
Save repository element : /730_precompilato/_old/import_cupssn_03_load : Initial Import
Save repository element : /730_precompilato/_old/import_cupssn_03_load v1 : Initial Import
Save repository element : /730_precompilato/_old/import_cupssn_04b_numseq : Initial Import
Save repository element : /730_precompilato/_old/import_cupssn_04_num : Initial Import
Save repository element : /730_precompilato/_old/import_cupssn_04_num_v1 (numerico) : Initial Import
Save repository element : /730_precompilato/_old/import_cupssn_05_rim : Initial Import
Save repository element : /730_precompilato/_old/import_cupssn_06_Validation : Initial Import
Save repository element : /730_precompilato/_old/import_cupssn_07_Cifra_CF : Initial Import
Save repository element : /730_precompilato/_old/_import_730_01_buffe_DEDUPLICATE : Initial Import
Save repository element : /730_precompilato/_old/import_730_01_buffer v0 : Initial Import
Save repository element : /730_precompilato/_old/import_730_01_buffer v1 : Initial Import
Save repository element : /730_precompilato/_old/import_730_01_buffer_20160126 : Initial Import
Save repository element : /730_precompilato/_old/import_730_02_xform_20160126 : Initial Import
Save repository element : /730_precompilato/_old/import_730_03_load v1 : Initial Import
Save repository element : /730_precompilato/_old/import_730_03_load v2 : Initial Import
Save repository element : /730_precompilato/_old/import_730_03_load v3 : Initial Import
Save repository element : /730_precompilato/_old/import_730_03_load v4 : Initial Import
Save repository element : /730_precompilato/_old/import_730_03_load v5 : Initial Import
Save repository element : /730_precompilato/_old/import_730_03_load_20160126 : Initial Import
Save repository element : /730_precompilato/_old/import_730_04_num v0 : Initial Import
Save repository element : /730_precompilato/_old/import_730_04_num_20160126 : Initial Import
Save repository element : /730_precompilato/_old/import_730_05_rim_20160126 : Initial Import
Save repository element : /730_precompilato/_old/import_730_06_Validation v0 : Initial Import
Save repository element : /730_precompilato/_old/last_protocollo v0 : Initial Import
Save repository element : /730_precompilato/_old/MIME_make_message v0 : Initial Import
Save repository element : /730_precompilato/_old/MIME_post_message v0 : Initial Import
Save repository element : /730_precompilato/_old/reload_XML v0 : Initial Import
Save repository element : /730_precompilato/_old/reload_XML v1 : Initial Import
Save repository element : /730_precompilato/_old/_test InvioMtom : Initial Import
Save repository element : /730_precompilato/_old/_test PostFile_MTOM : Initial Import
Save repository element : /730_precompilato/_old/_test PostFile_MTOM_nonZip : Initial Import
Save repository element : /730_precompilato/_old/_test PostFile_richiestaESITO : Initial Import
Save repository element : /730_precompilato/web_services/Call WS DettaglioZIP : Initial Import
Save repository element : /730_precompilato/web_services/Call WS EsitoInvio : Initial Import
Save repository element : /730_precompilato/web_services/Call WS RicevutaPdf : Initial Import
Save repository element : /730_precompilato/web_services/_debug_output_su_binary : Initial Import
Save repository element : /730_precompilato/web_services/Lista Esiti x Data : Initial Import
Save repository element : /730_precompilato/web_services/Load Errori CSV : Initial Import
Save repository element : /730_precompilato/web_services/MIME_make_message : Initial Import
Save repository element : /730_precompilato/web_services/MIME_make_message_2018-01-10 : Initial Import
Save repository element : /730_precompilato/web_services/MIME_make_message_2018-01-11 : Initial Import
Save repository element : /730_precompilato/web_services/MIME_post_message : Initial Import
Save repository element : /730_precompilato/web_services/MIME_post_message_2018-01-10 : Initial Import
Save repository element : /730_precompilato/web_services/MIME_post_message_2018-01-11 : Initial Import
Save repository element : /730_precompilato/web_services/_PROVA Encode e Decode base64 dello zip : Initial Import
Save repository element : /Art50/_debug Import Patidok : Initial Import
Save repository element : /Art50/Import Anat : Initial Import
Save repository element : /Art50/Import Anat 20170104 : Initial Import
Save repository element : /Art50/Import Dialisi : Initial Import
Save repository element : /Art50/Import Dialisi 20170929 : Initial Import
Save repository element : /Art50/Import Dnlab : Initial Import
Save repository element : /Art50/Import Dnlab 20170104 : Initial Import
Save repository element : /Art50/Import Imago : Initial Import
Save repository element : /Art50/Import Imago 20170302 : Initial Import
Save repository element : /Art50/Import Patidok : Initial Import
Save repository element : /Art50/CRSA/CRSA_loader : Initial Import
Save repository element : /Art50/CRSA/CRSA_single_file_loader : Initial Import
Save repository element : /Art50/MEF/Conferma Invio : Initial Import
Save repository element : /Art50/MEF/Dati x MEF : Initial Import
Save repository element : /Art50/MEF/_debug Confermati.zip : Initial Import
Save repository element : /Art50/MEF/XML/mef_Export_xml : Initial Import
Save repository element : /Art50/Redo 2016-2018/Dati x MEF redo : Initial Import
Save repository element : /Art50/Redo 2016-2018/mef_Export_xml_redo : Initial Import
Save repository element : /Art50/2Regione/Delete Mese : Initial Import
Save repository element : /Art50/2Regione/Insert Mese : Initial Import
Save repository element : /Art50/2Regione/Proc Mese : Initial Import
Save repository element : /Art50/2Regione/PS_2Regione : Initial Import
Save repository element : /Art50/2Regione/2Regione : Initial Import
Save repository element : /Art50/2Regione/2Regione_loop : Initial Import
Save repository element : /CEDAP/Export Cedap : Initial Import
Save repository element : /CEDAP/Export Cedap V01 : Initial Import
Save repository element : /CEDAP/Import CEDAP : Initial Import
Save repository element : /CEDAP/sync_CEDAP : Initial Import
Save repository element : /CUP/Crea Filew : Initial Import
Save repository element : /CUP/Prenot_Aux/Prenot_Aux : Initial Import
Save repository element : /CUP/Sync_CUP/sync_CUP : Initial Import
Save repository element : /Elenco_CF e GdF/GDF_proc_nominativo : Initial Import
Save repository element : /Elenco_CF e GdF/GDF_test : Initial Import
Save repository element : /Est_Produzione/Esegui_VERIF : Initial Import
Save repository element : /Est_Produzione/sync_Spec_Est : Initial Import
Save repository element : /IB (test x Menhir)/sync_data : Initial Import
Save repository element : /IB (test x Menhir)/sync_dim : Initial Import
Save repository element : /IB (test x Menhir)/test_IB : Initial Import
Save repository element : /InfoBright/Carica Tabella : Initial Import
Save repository element : /InfoBright/IB local single Table : Initial Import
Save repository element : /InfoBright/sync_data : Initial Import
Save repository element : /InfoBright/sync_dim : Initial Import
Save repository element : /Interni/EMONET Loader : Initial Import
Save repository element : /Interni/Load_single_EMONET.xls : Initial Import
Save repository element : /Interni/Produzione_mdb_loader : Initial Import
Save repository element : /__Kettle Ver.3__/Ricettari e Medici/Consegne in Anagrafi : Initial Import
Save repository element : /__Kettle Ver.3__/Ricettari e Medici/Loader Ricettari e Medici : Initial Import
Save repository element : /__Kettle Ver.3__/Ricettari e Medici/Medici Loader : Initial Import
Save repository element : /__Kettle Ver.3__/Ricettari e Medici/Ricettari Loader : Initial Import
Save repository element : /__Kettle Ver.3__/Ricettari e Medici/_test Reset Verif_Date : Initial Import
Save repository element : /__Kettle Ver.3__/Ricettari e Medici/sogei_FMED/Medici_Sogei Loader : Initial Import
Save repository element : /__NextDel__/Job 1 : Initial Import
Save repository element : /__NextDel__/TalendJob : Initial Import
Save repository element : /__NextDel__/TalendJob_priorTest : Initial Import
Save repository element : /__NextDel__/test_file_to_Result : Initial Import
Save repository element : /NSIS/Conferma_HSP24_tutti : Initial Import
Save repository element : /NSIS/Esegui_HSP24_tutti : Initial Import
Save repository element : /NSIS/HSP12_conferma : Initial Import
Save repository element : /NSIS/HSP12_file : Initial Import
Save repository element : /NSIS/HSP22b_conferma : Initial Import
Save repository element : /NSIS/HSP22b_file : Initial Import
Save repository element : /NSIS/HSP24F_conferma : Initial Import
Save repository element : /NSIS/HSP24F_file : Initial Import
Save repository element : /NSIS/HSP24G_conferma : Initial Import
Save repository element : /NSIS/HSP24G_file : Initial Import
Save repository element : /NSIS/HSP24H_conferma : Initial Import
Save repository element : /NSIS/HSP24H_file : Initial Import
Save repository element : /NSIS/HSP24I_conferma : Initial Import
Save repository element : /NSIS/HSP24I_file : Initial Import
Save repository element : /NSIS/monitoraggio_VAR_PL : Initial Import
Save repository element : /NSIS/PL_Anno_file : Initial Import
Save repository element : /NSIS/PL_file : Initial Import
Save repository element : /NSIS/STS21_conferma : Initial Import
Save repository element : /NSIS/STS21_file : Initial Import
Save repository element : /NSIS/Fast/HSP14_fast : Initial Import
Save repository element : /NSIS/Fast/HSP23F_fast : Initial Import
Save repository element : /NSIS/Fast/STS14_fast : Initial Import
Save repository element : /NSIS/Fast/STS24F_conferma : Initial Import
Save repository element : /NSIS/Fast/STS24F_file : Initial Import
Save repository element : /NSIS/Fast/STS24G_conferma : Initial Import
Save repository element : /NSIS/Fast/STS24G_file : Initial Import
Save repository element : /NSIS/old/HSP22b : Initial Import
Save repository element : /Passiva/fughe_SDO/SDO_mensile_liguri/Carica SDO_mensile_liguri : Initial Import
Save repository element : /Passiva/fughe_SDO/SDO_mensile_liguri/Scompatta ChiusureMensili : Initial Import
Save repository element : /Passiva/fughe_SDO/SDO_mensile_liguri/Unzip X11 : Initial Import
Save repository element : /Passiva/fughe_SPEC/fughe_SPEC : Initial Import
Save repository element : /Pronto_Soccorso/Accessi_PS Loader : Initial Import
Save repository element : /Pronto_Soccorso/Tracciatone_PS/Import Tracciatone_PS : Initial Import
Save repository element : /record_SeT/_decrypt_Test_Accreditati : Initial Import
Save repository element : /record_SeT/Load_single_SeT : Initial Import
Save repository element : /record_SeT/Load_single_SeT V1 : Initial Import
Save repository element : /record_SeT/PDI_Verif : Initial Import
Save repository element : /record_SeT/PDI_Verif_PC : Initial Import
Save repository element : /record_SeT/SeT Loader : Initial Import
Save repository element : /record_SeT/SeT Loader Accreditati : Initial Import
Save repository element : /record_SeT/SeT Loader Accreditati V1 : Initial Import
Save repository element : /record_SeT/anomalie/Carica Errori Specialistica : Initial Import
Save repository element : /record_SeT/anomalie/Scompatta i file di ritorno : Initial Import
Save repository element : /record_SeT/anomalie/Unzip solo gli scq : Initial Import
Save repository element : /record_SeT/export/Export_SeT_loop : Initial Import
Save repository element : /record_SeT/export/Export_SeT_mese : Initial Import
Save repository element : /record_SeT/export/ZIP chiamante : Initial Import
Save repository element : /record_SeT/export/ZIP crea .zip : Initial Import
Save repository element : /record_SeT/LP/Load_single_LP : Initial Import
Save repository element : /record_SeT/LP/LP Loader : Initial Import
Save repository element : /record_SeT/LP/SGP/Extract_SGP_loop : Initial Import
Save repository element : /record_SeT/LP/SGP/Extract_SGP_mese : Initial Import
Save repository element : /Ricoveri Patidok/Accessi Day Loader : Initial Import
Save repository element : /Ricoveri Patidok/Interventi Loader : Initial Import
Save repository element : /Ricoveri Patidok/Ricoveri Loader : Initial Import
Save repository element : /SDOePAC/sync_SDOPAC : Initial Import
Save repository element : /SDOePAC/Loader/PAC Loader : Initial Import
Save repository element : /SDOePAC/Loader/SDO Loader : Initial Import
Save repository element : /SDOePAC/Loader/SDO Loader ver.0 : Initial Import
Save repository element : /SDOePAC/Loader/SDO Loader ver.1 : Initial Import
Save repository element : /SDOePAC/Loader/SDOePAC Loader : Initial Import
Save repository element : /SDOePAC/Loader/SDO_XML Loader : Initial Import
Save repository element : /SDOePAC/Loader/SDO_XML Loader v1 : Initial Import
Save repository element : /SDOePAC/Loader/Dinamica/Dinamica_Loader : Initial Import
Save repository element : /__system__/Export_Repository : Initial Import
Save repository element : /__system__/Log_Parameters : Initial Import
Save repository element : /Terme/Export Mese : Initial Import
Save repository element : /Terme/Terme Export : Initial Import
Save repository element : /Terme/Terme Loader : Initial Import
Save repository element : /testBI/Dati_Cup : Initial Import
Save repository element : /testBI/testBI_job : Initial Import
Save repository element : /testBI/test_Job : Initial Import
Save repository element : /testBI/WatchDog_Random : Initial Import
Save repository element : /Trasporti/Load_Trasporti : Initial Import
Save repository element : /Trasporti/Load_Trasporti_Est : Initial Import
Save repository element : /Trasporti/Load_Trasporti_Int : Initial Import
Save repository element : /Vari/Inail_PS : Initial Import
Save repository element : /Vari/Job 1 : Initial Import
Save repository element : /Vari/load_STR_2_CDC : Initial Import
Save repository element : /Vari/Dimensioni/Aggiorna_Dimensioni : Initial Import
Save repository element : /Vari/Dipendenti/sync_Dipendenti : Initial Import
Save repository element : /Vari/Email/Get eMail : Initial Import
Save repository element : /Vari/Email/Get eMail Accreditati : Initial Import
Save repository element : /Vari/Email/Invia Mail : Initial Import
Save repository element : /Vari/FTP/Dwn Wildcard : Initial Import
Save repository element : /Vari/FTP/eMail Dwn : Initial Import
Save repository element : /Vari/FTP/eMail Get FTP : Initial Import
Save repository element : /Vari/FTP/FTP Download : Initial Import
Save repository element : /Vari/FTP/Scompatta e Copia : Initial Import
Save repository element : /Vari/Loop/generic_Loop : Initial Import
Save repository element : /Vari/Loop/Reload_Loop : Initial Import
Save repository element : /Vari/Ordini Patidok/Ordini Patidok Loader : Initial Import
Save repository element : /Vari/PassingVariables/jb_main : Initial Import
Save repository element : /Vari/PassingVariables/jb_main_alternativo : Initial Import
Save repository element : /Vari/PassingVariables/jb_slave : Initial Import
Save repository element : /Vari/Polaris_Attivita_Med/sync_Polaris_Attivita_Medico : Initial Import
Save repository element : /Vari/Ricettari e Medici/_ : Initial Import
Save repository element : /Vari/Ricettari e Medici/Consegne in Anagrafi : Initial Import
Save repository element : /Vari/Ricettari e Medici/_Fix_Medico : Initial Import
Save repository element : /Vari/Ricettari e Medici/Loader Ricettari e Medici : Initial Import
Save repository element : /Vari/Ricettari e Medici/Loader Ricettari e Medici V0 : Initial Import
Save repository element : /Vari/Ricettari e Medici/Medici Loader : Initial Import
Save repository element : /Vari/Ricettari e Medici/Ricettari Loader : Initial Import
Save repository element : /Vari/Ricettari e Medici/Ricettari Loader V0 : Initial Import
Save repository element : /Vari/Ricettari e Medici/_test Reset Verif_Date : Initial Import
Save repository element : /Vari/Ricettari e Medici/sogei_FMED/Medici_Sogei Loader : Initial Import
Save repository element : /Vari/Uso Patidok/Uso_Patidok - Nuova Cartella : Initial Import
Save repository element : /Vari/Uso Patidok/Uso_Patidok - Vecchia Cartella : Initial Import
Save repository element : /Vari/Uso Patidok/Uso_Patidok Loader : Initial Import
Save repository element : /Vari/Uso Patidok/Uso_Patidok_Nuova_reload : Initial Import
Save repository element : /Vari/UVMO/_ : Initial Import
Save repository element : /Vari/UVMO/Extract XLS UVMO : Initial Import
Save repository element : /Vari/UVMO/Load_single_UVMO.xls : Initial Import
Save repository element : /Vari/UVMO/UVMO Loader : Initial Import
Save repository element : /Vari/xCod/sync_CdC_2_CodMin : Initial Import
Save repository element : /Vari/Zip/Test x ZIP file spec : Initial Import
Save repository element : /Vari/Zip/Test x ZIP loop esterno : Initial Import
Save repository element : /Vertica/load_spot_table : Initial Import
Save repository element : /Vertica/vertica_single_table : Initial Import
Save repository element : /Vertica/vertica_sync : Initial Import
Save repository element : /Vertica/vertica_sync_data : Initial Import
Save repository element : /Vertica/vertica_sync_dim : Initial Import
Save repository element : /730_precompilato/Conferma invio XML : Initial Import
Save repository element : /730_precompilato/Export 730 : Initial Import
Save repository element : /730_precompilato/Get Esiti : Initial Import
Save repository element : /730_precompilato/Import 730 : Initial Import
Save repository element : /730_precompilato/Import 730 v0 : Initial Import
Save repository element : /730_precompilato/import_cupextra : Initial Import
Save repository element : /730_precompilato/import_cupssn : Initial Import
Save repository element : /730_precompilato/import_lpamb : Initial Import
Save repository element : /730_precompilato/Import_730_launcher : Initial Import
Save repository element : /730_precompilato/Invio 730 : Initial Import
Save repository element : /730_precompilato/testBI_job : Initial Import
Save repository element : /730_precompilato/_old/Call WS _v0 : Initial Import
Save repository element : /730_precompilato/_old/Conferma invio XML v0 : Initial Import
Save repository element : /730_precompilato/_old/Get Esiti v0 : Initial Import
Save repository element : /730_precompilato/_old/import_cupssn v0 : Initial Import
Save repository element : /730_precompilato/_old/_post_via_Job : Initial Import
Save repository element : /730_precompilato/web_services/Call WebServices : Initial Import
Save repository element : /Art50/Import Dialisi 20170929 : import object reference specification
Save repository element : /Art50/Import Dnlab : import object reference specification
Save repository element : /Art50/Import Dnlab 20170104 : import object reference specification
Save repository element : /Art50/Import Imago : import object reference specification
Save repository element : /Art50/Import Imago 20170302 : import object reference specification
Save repository element : /Art50/Import Patidok : import object reference specification
Save repository element : /CEDAP/Export Cedap : import object reference specification
Save repository element : /CEDAP/Export Cedap V01 : import object reference specification
Save repository element : /IB (test x Menhir)/sync_data : import object reference specification
Save repository element : /IB (test x Menhir)/sync_dim : import object reference specification
Save repository element : /InfoBright/Carica Tabella : import object reference specification
Save repository element : /InfoBright/sync_dim : import object reference specification
Save repository element : /NSIS/HSP12_conferma : import object reference specification
Save repository element : /NSIS/HSP12_file : import object reference specification
Save repository element : /NSIS/monitoraggio_VAR_PL : import object reference specification
Save repository element : /NSIS/PL_Anno_file : import object reference specification
Save repository element : /Passiva/fughe_SDO/SDO_mensile_liguri/Carica SDO_mensile_liguri : import object reference specification
Save repository element : /Passiva/fughe_SDO/SDO_mensile_liguri/Scompatta ChiusureMensili : import object reference specification
Save repository element : /Pronto_Soccorso/Tracciatone_PS/Import Tracciatone_PS : import object reference specification
Save repository element : /record_SeT/_decrypt_Test_Accreditati : import object reference specification
Save repository element : /record_SeT/Load_single_SeT : import object reference specification
Save repository element : /record_SeT/Load_single_SeT V1 : import object reference specification
Save repository element : /record_SeT/SeT Loader : import object reference specification
Save repository element : /record_SeT/SeT Loader Accreditati : import object reference specification
Save repository element : /record_SeT/SeT Loader Accreditati V1 : import object reference specification
Save repository element : /record_SeT/export/Export_SeT_loop : import object reference specification
Save repository element : /record_SeT/export/ZIP chiamante : import object reference specification
Save repository element : /record_SeT/LP/Load_single_LP : import object reference specification
Save repository element : /record_SeT/LP/LP Loader : import object reference specification
Save repository element : /Ricoveri Patidok/Accessi Day Loader : import object reference specification
Save repository element : /Ricoveri Patidok/Interventi Loader : import object reference specification
Save repository element : /Ricoveri Patidok/Ricoveri Loader : import object reference specification
Save repository element : /SDOePAC/Loader/PAC Loader : import object reference specification
Save repository element : /SDOePAC/Loader/SDO Loader : import object reference specification
Save repository element : /SDOePAC/Loader/SDO Loader ver.0 : import object reference specification
Save repository element : /SDOePAC/Loader/SDO Loader ver.1 : import object reference specification
Save repository element : /SDOePAC/Loader/SDOePAC Loader : import object reference specification
Save repository element : /SDOePAC/Loader/SDO_XML Loader : import object reference specification
Save repository element : /SDOePAC/Loader/SDO_XML Loader v1 : import object reference specification
Save repository element : /SDOePAC/Loader/Dinamica/Dinamica_Loader : import object reference specification
Save repository element : /testBI/testBI_job : import object reference specification
Save repository element : /testBI/WatchDog_Random : import object reference specification
Save repository element : /Vari/Inail_PS : import object reference specification
Save repository element : /Vari/load_STR_2_CDC : import object reference specification
Save repository element : /Vari/Dimensioni/Aggiorna_Dimensioni : import object reference specification
Save repository element : /Vari/FTP/Dwn Wildcard : import object reference specification
Save repository element : /Vari/FTP/eMail Dwn : import object reference specification
Save repository element : /Vari/FTP/eMail Get FTP : import object reference specification
Save repository element : /Vari/FTP/FTP Download : import object reference specification
Save repository element : /Vari/Loop/Reload_Loop : import object reference specification
Save repository element : /Vari/Ordini Patidok/Ordini Patidok Loader : import object reference specification
Save repository element : /Vari/PassingVariables/jb_main : import object reference specification
Save repository element : /Vari/PassingVariables/jb_main_alternativo : import object reference specification
Save repository element : /Vari/PassingVariables/jb_slave : import object reference specification
Save repository element : /Vari/UVMO/Extract XLS UVMO : import object reference specification
Save repository element : /Vari/UVMO/Load_single_UVMO.xls : import object reference specification
Save repository element : /Vari/UVMO/UVMO Loader : import object reference specification
Save repository element : /Vari/xCod/sync_CdC_2_CodMin : import object reference specification
Save repository element : /Vari/Zip/Test x ZIP loop esterno : import object reference specification
Save repository element : /730_precompilato/Conferma invio XML : import object reference specification
Save repository element : /730_precompilato/Export 730 : import object reference specification
Save repository element : /730_precompilato/Get Esiti : import object reference specification
Save repository element : /730_precompilato/Import 730 : import object reference specification
Save repository element : /730_precompilato/Import 730 v0 : import object reference specification
Save repository element : /730_precompilato/import_cupextra : import object reference specification
Save repository element : /730_precompilato/import_cupssn : import object reference specification
Save repository element : /730_precompilato/import_lpamb : import object reference specification
Save repository element : /730_precompilato/Import_730_launcher : import object reference specification
Save repository element : /730_precompilato/Invio 730 : import object reference specification
Save repository element : /730_precompilato/_old/Call WS _v0 : import object reference specification
Save repository element : /730_precompilato/_old/Conferma invio XML v0 : import object reference specification
Save repository element : /730_precompilato/_old/Get Esiti v0 : import object reference specification
Save repository element : /730_precompilato/_old/import_cupssn v0 : import object reference specification
Save repository element : /730_precompilato/web_services/Call WebServices : import object reference specification
Save database : Modification by user
Save repository element : db_sopra_logger : Modification by user
Save database : Modification by user
Save repository element : db_sopra_logger : Modification by user
Save database : Modification by user
Save repository element : HSP_db_sopra : Modification by user
